<?xml version="1.0" encoding="UTF-8"?>
<!-- Generated by org.testng.reporters.JUnitXMLReporter -->
<testsuite hostname="QAE2PDAKFE" ignored="0" name="Default test(failed)(failed)" tests="4" failures="0" timestamp="2022-05-24T07:51:47 IST" time="0.095" errors="0">
  <testcase name="@BeforeTest beforeTest" time="0.003" classname="com.se.playground.AmazonShopping">
    <failure type="java.lang.NullPointerException">
      <![CDATA[java.lang.NullPointerException
at com.se.playground.AmazonShopping.beforeTest(AmazonShopping.java:24)
... Removed 24 stack frames]]>
    </failure>
  </testcase> <!-- @BeforeTest beforeTest -->
  <testcase name="@AfterTest afterTest" time="-1.653358907097E9" classname="com.se.playground.AmazonShopping">
    <skipped/>
  </testcase> <!-- @AfterTest afterTest -->
  <testcase name="login" time="0.0" classname="com.se.playground.AmazonShopping">
    <skipped/>
  </testcase> <!-- login -->
  <testcase name="checkOut" time="0.0" classname="com.se.playground.AmazonShopping">
    <skipped/>
  </testcase> <!-- checkOut -->
  <testcase name="searchProduct" time="0.0" classname="com.se.playground.AmazonShopping">
    <skipped/>
  </testcase> <!-- searchProduct -->
  <testcase name="addToCart" time="0.0" classname="com.se.playground.AmazonShopping">
    <skipped/>
  </testcase> <!-- addToCart -->
</testsuite> <!-- Default test(failed)(failed) -->
